2024-12-02 09:39:25.591 [info] 실험 'pythonRecommendTensorboardExt'이(가) 활성 상태입니다.
2024-12-02 09:39:25.591 [info] 실험 'pythonTerminalEnvVarActivation'이(가) 활성 상태입니다.
2024-12-02 09:39:25.591 [info] 실험 'pythonTestAdapter'이(가) 활성 상태입니다.
2024-12-02 09:39:25.591 [info] Default formatter is set to null for workspace /home/wonofakind02
2024-12-02 09:39:25.591 [info] Test server listening.
2024-12-02 09:39:25.591 [info] Python 인터프리터 경로: /bin/python3
2024-12-02 09:39:28.950 [info] Pylance 언어 서버를 시작하는 중입니다.
2024-12-02 09:53:22.500 [info] Discover tests for workspace name: wonofakind02 - uri: /home/wonofakind02/mywebsite/user/views.py
2024-12-02 09:54:04.263 [info] Discover tests for workspace name: wonofakind02 - uri: /home/wonofakind02/mywebsite/user/views.py
2024-12-02 10:19:43.646 [info] Discover tests for workspace name: wonofakind02 - uri: /home/wonofakind02/mywebsite/user/views.py
2024-12-02 10:21:36.190 [info] Discover tests for workspace name: wonofakind02 - uri: /home/wonofakind02/mywebsite/article/urls.py
2024-12-02 10:28:03.298 [info] Discover tests for workspace name: wonofakind02 - uri: /home/wonofakind02/mywebsite/article/views.py
2024-12-02 10:28:16.894 [info] Discover tests for workspace name: wonofakind02 - uri: /home/wonofakind02/mywebsite/article/views.py
2024-12-02 10:39:02.822 [info] Discover tests for workspace name: wonofakind02 - uri: /home/wonofakind02/mywebsite/article/views.py
2024-12-02 10:39:33.040 [info] Discover tests for workspace name: wonofakind02 - uri: /home/wonofakind02/mywebsite/article/views.py
2024-12-02 11:04:09.888 [info] Discover tests for workspace name: wonofakind02 - uri: /home/wonofakind02/mywebsite/crawl/scheduler/artcrawl.py
2024-12-02 11:10:19.279 [info] Discover tests for workspace name: wonofakind02 - uri: /home/wonofakind02/mywebsite/crawl/scheduler/articleupdater.py
2024-12-02 11:14:13.473 [info] Discover tests for workspace name: wonofakind02 - uri: /home/wonofakind02/mywebsite/crawl/apps.py
2024-12-02 11:16:32.169 [info] Discover tests for workspace name: wonofakind02 - uri: /home/wonofakind02/mywebsite/config/settings.py
2024-12-02 11:18:44.112 [info] Discover tests for workspace name: wonofakind02 - uri: /home/wonofakind02/mywebsite/article/views.py
2024-12-02 11:19:12.886 [info] Discover tests for workspace name: wonofakind02 - uri: /home/wonofakind02/mywebsite/article/views.py
2024-12-02 11:19:57.405 [info] Discover tests for workspace name: wonofakind02 - uri: /home/wonofakind02/mywebsite/article/views.py
2024-12-02 11:22:10.219 [info] Discover tests for workspace name: wonofakind02 - uri: /home/wonofakind02/mywebsite/article/views.py
2024-12-02 11:25:36.822 [info] Discover tests for workspace name: wonofakind02 - uri: /home/wonofakind02/mywebsite/crawl/scheduler/artcrawl.py
2024-12-02 11:27:43.143 [info] Discover tests for workspace name: wonofakind02 - uri: /home/wonofakind02
2024-12-02 11:27:49.968 [info] Discover tests for workspace name: wonofakind02 - uri: /home/wonofakind02/mywebsite/crawl/scheduler/artcrawl.py
