2024-12-02 09:39:27.739 [info] (Client) Pylance async client (2024.3.2) started with python extension (2024.2.1)
2024-12-02 09:39:28.807 [info] [Info  - 9:39:28 AM] (1283) Pylance language server 2024.3.2 (pyright version 1.1.351, commit 87171fbf) starting
2024-12-02 09:39:28.893 [info] [Info  - 9:39:28 AM] (1283) Server root directory: file:///home/wonofakind02/.vscode-server/extensions/ms-python.vscode-pylance-2024.3.2/dist
2024-12-02 09:39:28.895 [info] [Info  - 9:39:28 AM] (1283) Starting service instance "wonofakind02"
2024-12-02 09:39:29.038 [info] [Info  - 9:39:29 AM] (1283) Setting pythonPath for service "wonofakind02": "/bin/python3"
2024-12-02 09:39:29.042 [info] [Info  - 9:39:29 AM] (1283) Setting environmentName for service "wonofakind02": "3.8.10 (글로벌)"
2024-12-02 09:39:29.132 [info] [Info  - 9:39:29 AM] (1283) Assuming Python version 3.8
2024-12-02 09:39:29.320 [info] [Info  - 9:39:29 AM] (1283) Found 25 source files
2024-12-02 09:39:30.443 [info] [Info  - 9:39:30 AM] (1283) Background analysis(1) root directory: file:///home/wonofakind02/.vscode-server/extensions/ms-python.vscode-pylance-2024.3.2/dist
2024-12-02 09:39:30.444 [info] [Info  - 9:39:30 AM] (1283) Background analysis(1) started
2024-12-02 09:39:32.042 [info] [Info  - 9:39:32 AM] (1283) Indexer background runner(2) root directory: file:///home/wonofakind02/.vscode-server/extensions/ms-python.vscode-pylance-2024.3.2/dist (index)
2024-12-02 09:39:32.043 [info] [Info  - 9:39:32 AM] (1283) Indexing(2) started
2024-12-02 09:39:33.545 [info] [Info  - 9:39:33 AM] (1283) [BG(1)] Long operation: analyzing: file:///home/wonofakind02/mywebsite/article/models.py (2903ms)
2024-12-02 09:39:34.502 [info] [Info  - 9:39:34 AM] (1283) [IDX(2)] Long operation: scan packages file:///home/wonofakind02 (2447ms)
2024-12-02 09:39:34.502 [info] [Info  - 9:39:34 AM] (1283) scanned(2) 103 files over 1 exec env
2024-12-02 09:39:36.141 [info] [Info  - 9:39:36 AM] (1283) indexed(2) 58 files over 1 exec env
2024-12-02 09:39:36.342 [info] [Info  - 9:39:36 AM] (1283) Indexing finished(2).
2024-12-02 10:51:39.733 [info] [Info  - 10:51:39 AM] (1283) Found 32 source files
2024-12-02 10:55:13.781 [info] [Info  - 10:55:13 AM] (1283) Found 32 source files
2024-12-02 10:59:53.534 [info] [Info  - 10:59:53 AM] (1283) Found 33 source files
2024-12-02 11:00:10.070 [info] [Info  - 11:00:10 AM] (1283) Found 34 source files
2024-12-02 11:28:56.680 [info] [Error - 11:28:56 AM] Server process exited with code 0.
