2024-12-20 03:00:54.377 [info] Extension host with pid 1173 started
2024-12-20 03:00:54.453 [info] Lock '/home/wonofakind02/.vscode-server/data/User/workspaceStorage/3b5423f5fe23cffdc4e2998f8266fb03/vscode.lock': Lock acquired.
2024-12-20 03:00:54.706 [info] ExtensionService#_doActivateExtension vscode.emmet, startup: false, activationEvent: 'onLanguage'
2024-12-20 03:00:54.714 [info] ExtensionService#_doActivateExtension vscode.tunnel-forwarding, startup: false, activationEvent: 'onTunnel'
2024-12-20 03:00:54.718 [info] ExtensionService#_doActivateExtension vscode.html-language-features, startup: false, activationEvent: 'onLanguage:html'
2024-12-20 03:00:55.732 [info] ExtensionService#_doActivateExtension vscode.git-base, startup: true, activationEvent: '*', root cause: vscode.git
2024-12-20 03:00:56.153 [info] ExtensionService#_doActivateExtension vscode.git, startup: true, activationEvent: '*'
2024-12-20 03:00:56.153 [info] ExtensionService#_doActivateExtension vscode.github, startup: true, activationEvent: '*'
2024-12-20 03:00:57.123 [info] Eager extensions activated
2024-12-20 03:00:57.123 [info] ExtensionService#_doActivateExtension vscode.debug-auto-launch, startup: false, activationEvent: 'onStartupFinished'
2024-12-20 03:00:57.124 [info] ExtensionService#_doActivateExtension vscode.merge-conflict, startup: false, activationEvent: 'onStartupFinished'
2024-12-20 03:00:57.124 [info] ExtensionService#_doActivateExtension ecmel.vscode-html-css, startup: false, activationEvent: 'onStartupFinished'
2024-12-20 03:01:32.205 [info] ExtensionService#_doActivateExtension ms-vsliveshare.vsliveshare, startup: false, activationEvent: 'onView:liveshare.session'
2024-12-20 03:04:43.776 [info] Extension host terminating: received terminate message from renderer
2024-12-20 03:04:43.777 [info] Lock '/home/wonofakind02/.vscode-server/data/User/workspaceStorage/3b5423f5fe23cffdc4e2998f8266fb03/vscode.lock': Marking the lockfile as scheduled to be released in 6000 ms.
2024-12-20 03:04:43.857 [error] Canceled: Canceled
	at new h (/home/wonofakind02/.vscode-server/bin/fdb98833154679dbaa7af67a5a29fe19e55c2b73/out/vs/workbench/api/node/extensionHostProcess.js:108:57382)
	at i.O (/home/wonofakind02/.vscode-server/bin/fdb98833154679dbaa7af67a5a29fe19e55c2b73/out/vs/workbench/api/node/extensionHostProcess.js:117:10850)
	at j.<computed>.T.charCodeAt.j.<computed> (/home/wonofakind02/.vscode-server/bin/fdb98833154679dbaa7af67a5a29fe19e55c2b73/out/vs/workbench/api/node/extensionHostProcess.js:117:8289)
	at r.g (/home/wonofakind02/.vscode-server/bin/fdb98833154679dbaa7af67a5a29fe19e55c2b73/out/vs/workbench/api/node/extensionHostProcess.js:108:82208)
	at r.executeCommand (/home/wonofakind02/.vscode-server/bin/fdb98833154679dbaa7af67a5a29fe19e55c2b73/out/vs/workbench/api/node/extensionHostProcess.js:108:81646)
	at u.registerCommand.description (/home/wonofakind02/.vscode-server/bin/fdb98833154679dbaa7af67a5a29fe19e55c2b73/out/vs/workbench/api/node/extensionHostProcess.js:108:80967)
	at r.h (/home/wonofakind02/.vscode-server/bin/fdb98833154679dbaa7af67a5a29fe19e55c2b73/out/vs/workbench/api/node/extensionHostProcess.js:108:82744)
	at r.g (/home/wonofakind02/.vscode-server/bin/fdb98833154679dbaa7af67a5a29fe19e55c2b73/out/vs/workbench/api/node/extensionHostProcess.js:108:81739)
	at r.executeCommand (/home/wonofakind02/.vscode-server/bin/fdb98833154679dbaa7af67a5a29fe19e55c2b73/out/vs/workbench/api/node/extensionHostProcess.js:108:81646)
	at Object.executeCommand (/home/wonofakind02/.vscode-server/bin/fdb98833154679dbaa7af67a5a29fe19e55c2b73/out/vs/workbench/api/node/extensionHostProcess.js:123:21247)
	at ExtensionUtil.<anonymous> (/home/wonofakind02/.vscode-server/extensions/ms-vsliveshare.vsliveshare-1.0.5941/extension.js:1:665766)
	at Generator.next (<anonymous>)
	at /home/wonofakind02/.vscode-server/extensions/ms-vsliveshare.vsliveshare-1.0.5941/extension.js:1:664481
	at new Promise (<anonymous>)
	at r (/home/wonofakind02/.vscode-server/extensions/ms-vsliveshare.vsliveshare-1.0.5941/extension.js:1:664167)
	at ExtensionUtil.setCommandContext (/home/wonofakind02/.vscode-server/extensions/ms-vsliveshare.vsliveshare-1.0.5941/extension.js:1:665682)
	at SessionContext.onSessionStateChanged (/home/wonofakind02/.vscode-server/extensions/ms-vsliveshare.vsliveshare-1.0.5941/extension.js:1:162595)
	at m.w (/home/wonofakind02/.vscode-server/bin/fdb98833154679dbaa7af67a5a29fe19e55c2b73/out/vs/workbench/api/node/extensionHostProcess.js:63:1902)
	at m.x (/home/wonofakind02/.vscode-server/bin/fdb98833154679dbaa7af67a5a29fe19e55c2b73/out/vs/workbench/api/node/extensionHostProcess.js:63:1972)
	at m.fire (/home/wonofakind02/.vscode-server/bin/fdb98833154679dbaa7af67a5a29fe19e55c2b73/out/vs/workbench/api/node/extensionHostProcess.js:63:2188)
	at SessionStateTracker.setState (/home/wonofakind02/.vscode-server/extensions/ms-vsliveshare.vsliveshare-1.0.5941/extension.js:1:167078)
	at SessionStateTracker.transition (/home/wonofakind02/.vscode-server/extensions/ms-vsliveshare.vsliveshare-1.0.5941/extension.js:1:166787)
	at SessionStateTransitionsCommandDecorator.<anonymous> (/home/wonofakind02/.vscode-server/extensions/ms-vsliveshare.vsliveshare-1.0.5941/extension.js:1:461102)
	at Generator.throw (<anonymous>)
	at rejected (/home/wonofakind02/.vscode-server/extensions/ms-vsliveshare.vsliveshare-1.0.5941/extension.js:1:459491) setContext undefined
2024-12-20 03:04:43.857 [error] Canceled: Canceled
	at new h (/home/wonofakind02/.vscode-server/bin/fdb98833154679dbaa7af67a5a29fe19e55c2b73/out/vs/workbench/api/node/extensionHostProcess.js:108:57382)
	at i.O (/home/wonofakind02/.vscode-server/bin/fdb98833154679dbaa7af67a5a29fe19e55c2b73/out/vs/workbench/api/node/extensionHostProcess.js:117:10850)
	at j.<computed>.T.charCodeAt.j.<computed> (/home/wonofakind02/.vscode-server/bin/fdb98833154679dbaa7af67a5a29fe19e55c2b73/out/vs/workbench/api/node/extensionHostProcess.js:117:8289)
	at r.g (/home/wonofakind02/.vscode-server/bin/fdb98833154679dbaa7af67a5a29fe19e55c2b73/out/vs/workbench/api/node/extensionHostProcess.js:108:82208)
	at r.executeCommand (/home/wonofakind02/.vscode-server/bin/fdb98833154679dbaa7af67a5a29fe19e55c2b73/out/vs/workbench/api/node/extensionHostProcess.js:108:81646)
	at u.registerCommand.description (/home/wonofakind02/.vscode-server/bin/fdb98833154679dbaa7af67a5a29fe19e55c2b73/out/vs/workbench/api/node/extensionHostProcess.js:108:80967)
	at r.h (/home/wonofakind02/.vscode-server/bin/fdb98833154679dbaa7af67a5a29fe19e55c2b73/out/vs/workbench/api/node/extensionHostProcess.js:108:82744)
	at r.g (/home/wonofakind02/.vscode-server/bin/fdb98833154679dbaa7af67a5a29fe19e55c2b73/out/vs/workbench/api/node/extensionHostProcess.js:108:81739)
	at r.executeCommand (/home/wonofakind02/.vscode-server/bin/fdb98833154679dbaa7af67a5a29fe19e55c2b73/out/vs/workbench/api/node/extensionHostProcess.js:108:81646)
	at Object.executeCommand (/home/wonofakind02/.vscode-server/bin/fdb98833154679dbaa7af67a5a29fe19e55c2b73/out/vs/workbench/api/node/extensionHostProcess.js:123:21247)
	at ExtensionUtil.<anonymous> (/home/wonofakind02/.vscode-server/extensions/ms-vsliveshare.vsliveshare-1.0.5941/extension.js:1:665766)
	at Generator.next (<anonymous>)
	at /home/wonofakind02/.vscode-server/extensions/ms-vsliveshare.vsliveshare-1.0.5941/extension.js:1:664481
	at new Promise (<anonymous>)
	at r (/home/wonofakind02/.vscode-server/extensions/ms-vsliveshare.vsliveshare-1.0.5941/extension.js:1:664167)
	at ExtensionUtil.setCommandContext (/home/wonofakind02/.vscode-server/extensions/ms-vsliveshare.vsliveshare-1.0.5941/extension.js:1:665682)
	at SessionContext.onSessionStateChanged (/home/wonofakind02/.vscode-server/extensions/ms-vsliveshare.vsliveshare-1.0.5941/extension.js:1:162666)
	at m.w (/home/wonofakind02/.vscode-server/bin/fdb98833154679dbaa7af67a5a29fe19e55c2b73/out/vs/workbench/api/node/extensionHostProcess.js:63:1902)
	at m.x (/home/wonofakind02/.vscode-server/bin/fdb98833154679dbaa7af67a5a29fe19e55c2b73/out/vs/workbench/api/node/extensionHostProcess.js:63:1972)
	at m.fire (/home/wonofakind02/.vscode-server/bin/fdb98833154679dbaa7af67a5a29fe19e55c2b73/out/vs/workbench/api/node/extensionHostProcess.js:63:2188)
	at SessionStateTracker.setState (/home/wonofakind02/.vscode-server/extensions/ms-vsliveshare.vsliveshare-1.0.5941/extension.js:1:167078)
	at SessionStateTracker.transition (/home/wonofakind02/.vscode-server/extensions/ms-vsliveshare.vsliveshare-1.0.5941/extension.js:1:166787)
	at SessionStateTransitionsCommandDecorator.<anonymous> (/home/wonofakind02/.vscode-server/extensions/ms-vsliveshare.vsliveshare-1.0.5941/extension.js:1:461102)
	at Generator.throw (<anonymous>)
	at rejected (/home/wonofakind02/.vscode-server/extensions/ms-vsliveshare.vsliveshare-1.0.5941/extension.js:1:459491) setContext undefined
2024-12-20 03:04:43.859 [error] Canceled: Canceled
	at new h (/home/wonofakind02/.vscode-server/bin/fdb98833154679dbaa7af67a5a29fe19e55c2b73/out/vs/workbench/api/node/extensionHostProcess.js:108:57382)
	at i.O (/home/wonofakind02/.vscode-server/bin/fdb98833154679dbaa7af67a5a29fe19e55c2b73/out/vs/workbench/api/node/extensionHostProcess.js:117:10850)
	at j.<computed>.T.charCodeAt.j.<computed> (/home/wonofakind02/.vscode-server/bin/fdb98833154679dbaa7af67a5a29fe19e55c2b73/out/vs/workbench/api/node/extensionHostProcess.js:117:8289)
	at r.g (/home/wonofakind02/.vscode-server/bin/fdb98833154679dbaa7af67a5a29fe19e55c2b73/out/vs/workbench/api/node/extensionHostProcess.js:108:82208)
	at r.executeCommand (/home/wonofakind02/.vscode-server/bin/fdb98833154679dbaa7af67a5a29fe19e55c2b73/out/vs/workbench/api/node/extensionHostProcess.js:108:81646)
	at u.registerCommand.description (/home/wonofakind02/.vscode-server/bin/fdb98833154679dbaa7af67a5a29fe19e55c2b73/out/vs/workbench/api/node/extensionHostProcess.js:108:80967)
	at r.h (/home/wonofakind02/.vscode-server/bin/fdb98833154679dbaa7af67a5a29fe19e55c2b73/out/vs/workbench/api/node/extensionHostProcess.js:108:82744)
	at r.g (/home/wonofakind02/.vscode-server/bin/fdb98833154679dbaa7af67a5a29fe19e55c2b73/out/vs/workbench/api/node/extensionHostProcess.js:108:81739)
	at r.executeCommand (/home/wonofakind02/.vscode-server/bin/fdb98833154679dbaa7af67a5a29fe19e55c2b73/out/vs/workbench/api/node/extensionHostProcess.js:108:81646)
	at Object.executeCommand (/home/wonofakind02/.vscode-server/bin/fdb98833154679dbaa7af67a5a29fe19e55c2b73/out/vs/workbench/api/node/extensionHostProcess.js:123:21247)
	at ExtensionUtil.<anonymous> (/home/wonofakind02/.vscode-server/extensions/ms-vsliveshare.vsliveshare-1.0.5941/extension.js:1:665766)
	at Generator.next (<anonymous>)
	at /home/wonofakind02/.vscode-server/extensions/ms-vsliveshare.vsliveshare-1.0.5941/extension.js:1:664481
	at new Promise (<anonymous>)
	at r (/home/wonofakind02/.vscode-server/extensions/ms-vsliveshare.vsliveshare-1.0.5941/extension.js:1:664167)
	at ExtensionUtil.setCommandContext (/home/wonofakind02/.vscode-server/extensions/ms-vsliveshare.vsliveshare-1.0.5941/extension.js:1:665682)
	at set hasServersShared [as hasServersShared] (/home/wonofakind02/.vscode-server/extensions/ms-vsliveshare.vsliveshare-1.0.5941/extension.js:1:161897)
	at SessionContext.onSessionStateChanged (/home/wonofakind02/.vscode-server/extensions/ms-vsliveshare.vsliveshare-1.0.5941/extension.js:1:162873)
	at m.w (/home/wonofakind02/.vscode-server/bin/fdb98833154679dbaa7af67a5a29fe19e55c2b73/out/vs/workbench/api/node/extensionHostProcess.js:63:1902)
	at m.x (/home/wonofakind02/.vscode-server/bin/fdb98833154679dbaa7af67a5a29fe19e55c2b73/out/vs/workbench/api/node/extensionHostProcess.js:63:1972)
	at m.fire (/home/wonofakind02/.vscode-server/bin/fdb98833154679dbaa7af67a5a29fe19e55c2b73/out/vs/workbench/api/node/extensionHostProcess.js:63:2188)
	at SessionStateTracker.setState (/home/wonofakind02/.vscode-server/extensions/ms-vsliveshare.vsliveshare-1.0.5941/extension.js:1:167078)
	at SessionStateTracker.transition (/home/wonofakind02/.vscode-server/extensions/ms-vsliveshare.vsliveshare-1.0.5941/extension.js:1:166787)
	at SessionStateTransitionsCommandDecorator.<anonymous> (/home/wonofakind02/.vscode-server/extensions/ms-vsliveshare.vsliveshare-1.0.5941/extension.js:1:461102)
	at Generator.throw (<anonymous>)
	at rejected (/home/wonofakind02/.vscode-server/extensions/ms-vsliveshare.vsliveshare-1.0.5941/extension.js:1:459491) setContext undefined
2024-12-20 03:04:43.859 [error] Canceled: Canceled
	at new h (/home/wonofakind02/.vscode-server/bin/fdb98833154679dbaa7af67a5a29fe19e55c2b73/out/vs/workbench/api/node/extensionHostProcess.js:108:57382)
	at i.O (/home/wonofakind02/.vscode-server/bin/fdb98833154679dbaa7af67a5a29fe19e55c2b73/out/vs/workbench/api/node/extensionHostProcess.js:117:10850)
	at j.<computed>.T.charCodeAt.j.<computed> (/home/wonofakind02/.vscode-server/bin/fdb98833154679dbaa7af67a5a29fe19e55c2b73/out/vs/workbench/api/node/extensionHostProcess.js:117:8289)
	at r.g (/home/wonofakind02/.vscode-server/bin/fdb98833154679dbaa7af67a5a29fe19e55c2b73/out/vs/workbench/api/node/extensionHostProcess.js:108:82208)
	at r.executeCommand (/home/wonofakind02/.vscode-server/bin/fdb98833154679dbaa7af67a5a29fe19e55c2b73/out/vs/workbench/api/node/extensionHostProcess.js:108:81646)
	at u.registerCommand.description (/home/wonofakind02/.vscode-server/bin/fdb98833154679dbaa7af67a5a29fe19e55c2b73/out/vs/workbench/api/node/extensionHostProcess.js:108:80967)
	at r.h (/home/wonofakind02/.vscode-server/bin/fdb98833154679dbaa7af67a5a29fe19e55c2b73/out/vs/workbench/api/node/extensionHostProcess.js:108:82744)
	at r.g (/home/wonofakind02/.vscode-server/bin/fdb98833154679dbaa7af67a5a29fe19e55c2b73/out/vs/workbench/api/node/extensionHostProcess.js:108:81739)
	at r.executeCommand (/home/wonofakind02/.vscode-server/bin/fdb98833154679dbaa7af67a5a29fe19e55c2b73/out/vs/workbench/api/node/extensionHostProcess.js:108:81646)
	at Object.executeCommand (/home/wonofakind02/.vscode-server/bin/fdb98833154679dbaa7af67a5a29fe19e55c2b73/out/vs/workbench/api/node/extensionHostProcess.js:123:21247)
	at ExtensionUtil.<anonymous> (/home/wonofakind02/.vscode-server/extensions/ms-vsliveshare.vsliveshare-1.0.5941/extension.js:1:665766)
	at Generator.next (<anonymous>)
	at /home/wonofakind02/.vscode-server/extensions/ms-vsliveshare.vsliveshare-1.0.5941/extension.js:1:664481
	at new Promise (<anonymous>)
	at r (/home/wonofakind02/.vscode-server/extensions/ms-vsliveshare.vsliveshare-1.0.5941/extension.js:1:664167)
	at ExtensionUtil.setCommandContext (/home/wonofakind02/.vscode-server/extensions/ms-vsliveshare.vsliveshare-1.0.5941/extension.js:1:665682)
	at set hasSharedTerminals [as hasSharedTerminals] (/home/wonofakind02/.vscode-server/extensions/ms-vsliveshare.vsliveshare-1.0.5941/extension.js:1:162077)
	at SessionContext.onSessionStateChanged (/home/wonofakind02/.vscode-server/extensions/ms-vsliveshare.vsliveshare-1.0.5941/extension.js:1:162900)
	at m.w (/home/wonofakind02/.vscode-server/bin/fdb98833154679dbaa7af67a5a29fe19e55c2b73/out/vs/workbench/api/node/extensionHostProcess.js:63:1902)
	at m.x (/home/wonofakind02/.vscode-server/bin/fdb98833154679dbaa7af67a5a29fe19e55c2b73/out/vs/workbench/api/node/extensionHostProcess.js:63:1972)
	at m.fire (/home/wonofakind02/.vscode-server/bin/fdb98833154679dbaa7af67a5a29fe19e55c2b73/out/vs/workbench/api/node/extensionHostProcess.js:63:2188)
	at SessionStateTracker.setState (/home/wonofakind02/.vscode-server/extensions/ms-vsliveshare.vsliveshare-1.0.5941/extension.js:1:167078)
	at SessionStateTracker.transition (/home/wonofakind02/.vscode-server/extensions/ms-vsliveshare.vsliveshare-1.0.5941/extension.js:1:166787)
	at SessionStateTransitionsCommandDecorator.<anonymous> (/home/wonofakind02/.vscode-server/extensions/ms-vsliveshare.vsliveshare-1.0.5941/extension.js:1:461102)
	at Generator.throw (<anonymous>)
	at rejected (/home/wonofakind02/.vscode-server/extensions/ms-vsliveshare.vsliveshare-1.0.5941/extension.js:1:459491) setContext undefined
2024-12-20 03:04:43.870 [error] Canceled: Canceled
	at new h (/home/wonofakind02/.vscode-server/bin/fdb98833154679dbaa7af67a5a29fe19e55c2b73/out/vs/workbench/api/node/extensionHostProcess.js:108:57382)
	at i.O (/home/wonofakind02/.vscode-server/bin/fdb98833154679dbaa7af67a5a29fe19e55c2b73/out/vs/workbench/api/node/extensionHostProcess.js:117:10850)
	at j.<computed>.T.charCodeAt.j.<computed> (/home/wonofakind02/.vscode-server/bin/fdb98833154679dbaa7af67a5a29fe19e55c2b73/out/vs/workbench/api/node/extensionHostProcess.js:117:8289)
	at r.g (/home/wonofakind02/.vscode-server/bin/fdb98833154679dbaa7af67a5a29fe19e55c2b73/out/vs/workbench/api/node/extensionHostProcess.js:108:82208)
	at r.executeCommand (/home/wonofakind02/.vscode-server/bin/fdb98833154679dbaa7af67a5a29fe19e55c2b73/out/vs/workbench/api/node/extensionHostProcess.js:108:81646)
	at u.registerCommand.description (/home/wonofakind02/.vscode-server/bin/fdb98833154679dbaa7af67a5a29fe19e55c2b73/out/vs/workbench/api/node/extensionHostProcess.js:108:80967)
	at r.h (/home/wonofakind02/.vscode-server/bin/fdb98833154679dbaa7af67a5a29fe19e55c2b73/out/vs/workbench/api/node/extensionHostProcess.js:108:82744)
	at r.g (/home/wonofakind02/.vscode-server/bin/fdb98833154679dbaa7af67a5a29fe19e55c2b73/out/vs/workbench/api/node/extensionHostProcess.js:108:81739)
	at r.executeCommand (/home/wonofakind02/.vscode-server/bin/fdb98833154679dbaa7af67a5a29fe19e55c2b73/out/vs/workbench/api/node/extensionHostProcess.js:108:81646)
	at Object.executeCommand (/home/wonofakind02/.vscode-server/bin/fdb98833154679dbaa7af67a5a29fe19e55c2b73/out/vs/workbench/api/node/extensionHostProcess.js:123:21247)
	at ExtensionUtil.<anonymous> (/home/wonofakind02/.vscode-server/extensions/ms-vsliveshare.vsliveshare-1.0.5941/extension.js:1:665766)
	at Generator.next (<anonymous>)
	at /home/wonofakind02/.vscode-server/extensions/ms-vsliveshare.vsliveshare-1.0.5941/extension.js:1:664481
	at new Promise (<anonymous>)
	at r (/home/wonofakind02/.vscode-server/extensions/ms-vsliveshare.vsliveshare-1.0.5941/extension.js:1:664167)
	at ExtensionUtil.setCommandContext (/home/wonofakind02/.vscode-server/extensions/ms-vsliveshare.vsliveshare-1.0.5941/extension.js:1:665682)
	at SessionContext.onSessionStateChanged (/home/wonofakind02/.vscode-server/extensions/ms-vsliveshare.vsliveshare-1.0.5941/extension.js:1:162595)
	at m.w (/home/wonofakind02/.vscode-server/bin/fdb98833154679dbaa7af67a5a29fe19e55c2b73/out/vs/workbench/api/node/extensionHostProcess.js:63:1902)
	at m.x (/home/wonofakind02/.vscode-server/bin/fdb98833154679dbaa7af67a5a29fe19e55c2b73/out/vs/workbench/api/node/extensionHostProcess.js:63:1972)
	at m.fire (/home/wonofakind02/.vscode-server/bin/fdb98833154679dbaa7af67a5a29fe19e55c2b73/out/vs/workbench/api/node/extensionHostProcess.js:63:2188)
	at SessionStateTracker.setState (/home/wonofakind02/.vscode-server/extensions/ms-vsliveshare.vsliveshare-1.0.5941/extension.js:1:167078)
	at SessionStateTracker.transition (/home/wonofakind02/.vscode-server/extensions/ms-vsliveshare.vsliveshare-1.0.5941/extension.js:1:166787)
	at SessionStateTransitionsCommandDecorator.<anonymous> (/home/wonofakind02/.vscode-server/extensions/ms-vsliveshare.vsliveshare-1.0.5941/extension.js:1:461102)
	at Generator.throw (<anonymous>)
	at rejected (/home/wonofakind02/.vscode-server/extensions/ms-vsliveshare.vsliveshare-1.0.5941/extension.js:1:459491) setContext undefined
2024-12-20 03:04:43.870 [error] Canceled: Canceled
	at new h (/home/wonofakind02/.vscode-server/bin/fdb98833154679dbaa7af67a5a29fe19e55c2b73/out/vs/workbench/api/node/extensionHostProcess.js:108:57382)
	at i.O (/home/wonofakind02/.vscode-server/bin/fdb98833154679dbaa7af67a5a29fe19e55c2b73/out/vs/workbench/api/node/extensionHostProcess.js:117:10850)
	at j.<computed>.T.charCodeAt.j.<computed> (/home/wonofakind02/.vscode-server/bin/fdb98833154679dbaa7af67a5a29fe19e55c2b73/out/vs/workbench/api/node/extensionHostProcess.js:117:8289)
	at r.g (/home/wonofakind02/.vscode-server/bin/fdb98833154679dbaa7af67a5a29fe19e55c2b73/out/vs/workbench/api/node/extensionHostProcess.js:108:82208)
	at r.executeCommand (/home/wonofakind02/.vscode-server/bin/fdb98833154679dbaa7af67a5a29fe19e55c2b73/out/vs/workbench/api/node/extensionHostProcess.js:108:81646)
	at u.registerCommand.description (/home/wonofakind02/.vscode-server/bin/fdb98833154679dbaa7af67a5a29fe19e55c2b73/out/vs/workbench/api/node/extensionHostProcess.js:108:80967)
	at r.h (/home/wonofakind02/.vscode-server/bin/fdb98833154679dbaa7af67a5a29fe19e55c2b73/out/vs/workbench/api/node/extensionHostProcess.js:108:82744)
	at r.g (/home/wonofakind02/.vscode-server/bin/fdb98833154679dbaa7af67a5a29fe19e55c2b73/out/vs/workbench/api/node/extensionHostProcess.js:108:81739)
	at r.executeCommand (/home/wonofakind02/.vscode-server/bin/fdb98833154679dbaa7af67a5a29fe19e55c2b73/out/vs/workbench/api/node/extensionHostProcess.js:108:81646)
	at Object.executeCommand (/home/wonofakind02/.vscode-server/bin/fdb98833154679dbaa7af67a5a29fe19e55c2b73/out/vs/workbench/api/node/extensionHostProcess.js:123:21247)
	at ExtensionUtil.<anonymous> (/home/wonofakind02/.vscode-server/extensions/ms-vsliveshare.vsliveshare-1.0.5941/extension.js:1:665766)
	at Generator.next (<anonymous>)
	at /home/wonofakind02/.vscode-server/extensions/ms-vsliveshare.vsliveshare-1.0.5941/extension.js:1:664481
	at new Promise (<anonymous>)
	at r (/home/wonofakind02/.vscode-server/extensions/ms-vsliveshare.vsliveshare-1.0.5941/extension.js:1:664167)
	at ExtensionUtil.setCommandContext (/home/wonofakind02/.vscode-server/extensions/ms-vsliveshare.vsliveshare-1.0.5941/extension.js:1:665682)
	at SessionContext.onSessionStateChanged (/home/wonofakind02/.vscode-server/extensions/ms-vsliveshare.vsliveshare-1.0.5941/extension.js:1:162666)
	at m.w (/home/wonofakind02/.vscode-server/bin/fdb98833154679dbaa7af67a5a29fe19e55c2b73/out/vs/workbench/api/node/extensionHostProcess.js:63:1902)
	at m.x (/home/wonofakind02/.vscode-server/bin/fdb98833154679dbaa7af67a5a29fe19e55c2b73/out/vs/workbench/api/node/extensionHostProcess.js:63:1972)
	at m.fire (/home/wonofakind02/.vscode-server/bin/fdb98833154679dbaa7af67a5a29fe19e55c2b73/out/vs/workbench/api/node/extensionHostProcess.js:63:2188)
	at SessionStateTracker.setState (/home/wonofakind02/.vscode-server/extensions/ms-vsliveshare.vsliveshare-1.0.5941/extension.js:1:167078)
	at SessionStateTracker.transition (/home/wonofakind02/.vscode-server/extensions/ms-vsliveshare.vsliveshare-1.0.5941/extension.js:1:166787)
	at SessionStateTransitionsCommandDecorator.<anonymous> (/home/wonofakind02/.vscode-server/extensions/ms-vsliveshare.vsliveshare-1.0.5941/extension.js:1:461102)
	at Generator.throw (<anonymous>)
	at rejected (/home/wonofakind02/.vscode-server/extensions/ms-vsliveshare.vsliveshare-1.0.5941/extension.js:1:459491) setContext undefined
2024-12-20 03:04:43.871 [error] Canceled: Canceled
	at new h (/home/wonofakind02/.vscode-server/bin/fdb98833154679dbaa7af67a5a29fe19e55c2b73/out/vs/workbench/api/node/extensionHostProcess.js:108:57382)
	at i.O (/home/wonofakind02/.vscode-server/bin/fdb98833154679dbaa7af67a5a29fe19e55c2b73/out/vs/workbench/api/node/extensionHostProcess.js:117:10850)
	at j.<computed>.T.charCodeAt.j.<computed> (/home/wonofakind02/.vscode-server/bin/fdb98833154679dbaa7af67a5a29fe19e55c2b73/out/vs/workbench/api/node/extensionHostProcess.js:117:8289)
	at r.g (/home/wonofakind02/.vscode-server/bin/fdb98833154679dbaa7af67a5a29fe19e55c2b73/out/vs/workbench/api/node/extensionHostProcess.js:108:82208)
	at r.executeCommand (/home/wonofakind02/.vscode-server/bin/fdb98833154679dbaa7af67a5a29fe19e55c2b73/out/vs/workbench/api/node/extensionHostProcess.js:108:81646)
	at u.registerCommand.description (/home/wonofakind02/.vscode-server/bin/fdb98833154679dbaa7af67a5a29fe19e55c2b73/out/vs/workbench/api/node/extensionHostProcess.js:108:80967)
	at r.h (/home/wonofakind02/.vscode-server/bin/fdb98833154679dbaa7af67a5a29fe19e55c2b73/out/vs/workbench/api/node/extensionHostProcess.js:108:82744)
	at r.g (/home/wonofakind02/.vscode-server/bin/fdb98833154679dbaa7af67a5a29fe19e55c2b73/out/vs/workbench/api/node/extensionHostProcess.js:108:81739)
	at r.executeCommand (/home/wonofakind02/.vscode-server/bin/fdb98833154679dbaa7af67a5a29fe19e55c2b73/out/vs/workbench/api/node/extensionHostProcess.js:108:81646)
	at Object.executeCommand (/home/wonofakind02/.vscode-server/bin/fdb98833154679dbaa7af67a5a29fe19e55c2b73/out/vs/workbench/api/node/extensionHostProcess.js:123:21247)
	at ExtensionUtil.<anonymous> (/home/wonofakind02/.vscode-server/extensions/ms-vsliveshare.vsliveshare-1.0.5941/extension.js:1:665766)
	at Generator.next (<anonymous>)
	at /home/wonofakind02/.vscode-server/extensions/ms-vsliveshare.vsliveshare-1.0.5941/extension.js:1:664481
	at new Promise (<anonymous>)
	at r (/home/wonofakind02/.vscode-server/extensions/ms-vsliveshare.vsliveshare-1.0.5941/extension.js:1:664167)
	at ExtensionUtil.setCommandContext (/home/wonofakind02/.vscode-server/extensions/ms-vsliveshare.vsliveshare-1.0.5941/extension.js:1:665682)
	at set hasServersShared [as hasServersShared] (/home/wonofakind02/.vscode-server/extensions/ms-vsliveshare.vsliveshare-1.0.5941/extension.js:1:161897)
	at SessionContext.onSessionStateChanged (/home/wonofakind02/.vscode-server/extensions/ms-vsliveshare.vsliveshare-1.0.5941/extension.js:1:162873)
	at m.w (/home/wonofakind02/.vscode-server/bin/fdb98833154679dbaa7af67a5a29fe19e55c2b73/out/vs/workbench/api/node/extensionHostProcess.js:63:1902)
	at m.x (/home/wonofakind02/.vscode-server/bin/fdb98833154679dbaa7af67a5a29fe19e55c2b73/out/vs/workbench/api/node/extensionHostProcess.js:63:1972)
	at m.fire (/home/wonofakind02/.vscode-server/bin/fdb98833154679dbaa7af67a5a29fe19e55c2b73/out/vs/workbench/api/node/extensionHostProcess.js:63:2188)
	at SessionStateTracker.setState (/home/wonofakind02/.vscode-server/extensions/ms-vsliveshare.vsliveshare-1.0.5941/extension.js:1:167078)
	at SessionStateTracker.transition (/home/wonofakind02/.vscode-server/extensions/ms-vsliveshare.vsliveshare-1.0.5941/extension.js:1:166787)
	at SessionStateTransitionsCommandDecorator.<anonymous> (/home/wonofakind02/.vscode-server/extensions/ms-vsliveshare.vsliveshare-1.0.5941/extension.js:1:461102)
	at Generator.throw (<anonymous>)
	at rejected (/home/wonofakind02/.vscode-server/extensions/ms-vsliveshare.vsliveshare-1.0.5941/extension.js:1:459491) setContext undefined
2024-12-20 03:04:43.871 [error] Canceled: Canceled
	at new h (/home/wonofakind02/.vscode-server/bin/fdb98833154679dbaa7af67a5a29fe19e55c2b73/out/vs/workbench/api/node/extensionHostProcess.js:108:57382)
	at i.O (/home/wonofakind02/.vscode-server/bin/fdb98833154679dbaa7af67a5a29fe19e55c2b73/out/vs/workbench/api/node/extensionHostProcess.js:117:10850)
	at j.<computed>.T.charCodeAt.j.<computed> (/home/wonofakind02/.vscode-server/bin/fdb98833154679dbaa7af67a5a29fe19e55c2b73/out/vs/workbench/api/node/extensionHostProcess.js:117:8289)
	at r.g (/home/wonofakind02/.vscode-server/bin/fdb98833154679dbaa7af67a5a29fe19e55c2b73/out/vs/workbench/api/node/extensionHostProcess.js:108:82208)
	at r.executeCommand (/home/wonofakind02/.vscode-server/bin/fdb98833154679dbaa7af67a5a29fe19e55c2b73/out/vs/workbench/api/node/extensionHostProcess.js:108:81646)
	at u.registerCommand.description (/home/wonofakind02/.vscode-server/bin/fdb98833154679dbaa7af67a5a29fe19e55c2b73/out/vs/workbench/api/node/extensionHostProcess.js:108:80967)
	at r.h (/home/wonofakind02/.vscode-server/bin/fdb98833154679dbaa7af67a5a29fe19e55c2b73/out/vs/workbench/api/node/extensionHostProcess.js:108:82744)
	at r.g (/home/wonofakind02/.vscode-server/bin/fdb98833154679dbaa7af67a5a29fe19e55c2b73/out/vs/workbench/api/node/extensionHostProcess.js:108:81739)
	at r.executeCommand (/home/wonofakind02/.vscode-server/bin/fdb98833154679dbaa7af67a5a29fe19e55c2b73/out/vs/workbench/api/node/extensionHostProcess.js:108:81646)
	at Object.executeCommand (/home/wonofakind02/.vscode-server/bin/fdb98833154679dbaa7af67a5a29fe19e55c2b73/out/vs/workbench/api/node/extensionHostProcess.js:123:21247)
	at ExtensionUtil.<anonymous> (/home/wonofakind02/.vscode-server/extensions/ms-vsliveshare.vsliveshare-1.0.5941/extension.js:1:665766)
	at Generator.next (<anonymous>)
	at /home/wonofakind02/.vscode-server/extensions/ms-vsliveshare.vsliveshare-1.0.5941/extension.js:1:664481
	at new Promise (<anonymous>)
	at r (/home/wonofakind02/.vscode-server/extensions/ms-vsliveshare.vsliveshare-1.0.5941/extension.js:1:664167)
	at ExtensionUtil.setCommandContext (/home/wonofakind02/.vscode-server/extensions/ms-vsliveshare.vsliveshare-1.0.5941/extension.js:1:665682)
	at set hasSharedTerminals [as hasSharedTerminals] (/home/wonofakind02/.vscode-server/extensions/ms-vsliveshare.vsliveshare-1.0.5941/extension.js:1:162077)
	at SessionContext.onSessionStateChanged (/home/wonofakind02/.vscode-server/extensions/ms-vsliveshare.vsliveshare-1.0.5941/extension.js:1:162900)
	at m.w (/home/wonofakind02/.vscode-server/bin/fdb98833154679dbaa7af67a5a29fe19e55c2b73/out/vs/workbench/api/node/extensionHostProcess.js:63:1902)
	at m.x (/home/wonofakind02/.vscode-server/bin/fdb98833154679dbaa7af67a5a29fe19e55c2b73/out/vs/workbench/api/node/extensionHostProcess.js:63:1972)
	at m.fire (/home/wonofakind02/.vscode-server/bin/fdb98833154679dbaa7af67a5a29fe19e55c2b73/out/vs/workbench/api/node/extensionHostProcess.js:63:2188)
	at SessionStateTracker.setState (/home/wonofakind02/.vscode-server/extensions/ms-vsliveshare.vsliveshare-1.0.5941/extension.js:1:167078)
	at SessionStateTracker.transition (/home/wonofakind02/.vscode-server/extensions/ms-vsliveshare.vsliveshare-1.0.5941/extension.js:1:166787)
	at SessionStateTransitionsCommandDecorator.<anonymous> (/home/wonofakind02/.vscode-server/extensions/ms-vsliveshare.vsliveshare-1.0.5941/extension.js:1:461102)
	at Generator.throw (<anonymous>)
	at rejected (/home/wonofakind02/.vscode-server/extensions/ms-vsliveshare.vsliveshare-1.0.5941/extension.js:1:459491) setContext undefined
2024-12-20 03:04:43.873 [error] Canceled: Canceled
	at new h (/home/wonofakind02/.vscode-server/bin/fdb98833154679dbaa7af67a5a29fe19e55c2b73/out/vs/workbench/api/node/extensionHostProcess.js:108:57382)
	at i.O (/home/wonofakind02/.vscode-server/bin/fdb98833154679dbaa7af67a5a29fe19e55c2b73/out/vs/workbench/api/node/extensionHostProcess.js:117:10850)
	at j.<computed>.T.charCodeAt.j.<computed> (/home/wonofakind02/.vscode-server/bin/fdb98833154679dbaa7af67a5a29fe19e55c2b73/out/vs/workbench/api/node/extensionHostProcess.js:117:8289)
	at r.g (/home/wonofakind02/.vscode-server/bin/fdb98833154679dbaa7af67a5a29fe19e55c2b73/out/vs/workbench/api/node/extensionHostProcess.js:108:82208)
	at r.executeCommand (/home/wonofakind02/.vscode-server/bin/fdb98833154679dbaa7af67a5a29fe19e55c2b73/out/vs/workbench/api/node/extensionHostProcess.js:108:81646)
	at u.registerCommand.description (/home/wonofakind02/.vscode-server/bin/fdb98833154679dbaa7af67a5a29fe19e55c2b73/out/vs/workbench/api/node/extensionHostProcess.js:108:80967)
	at r.h (/home/wonofakind02/.vscode-server/bin/fdb98833154679dbaa7af67a5a29fe19e55c2b73/out/vs/workbench/api/node/extensionHostProcess.js:108:82744)
	at r.g (/home/wonofakind02/.vscode-server/bin/fdb98833154679dbaa7af67a5a29fe19e55c2b73/out/vs/workbench/api/node/extensionHostProcess.js:108:81739)
	at r.executeCommand (/home/wonofakind02/.vscode-server/bin/fdb98833154679dbaa7af67a5a29fe19e55c2b73/out/vs/workbench/api/node/extensionHostProcess.js:108:81646)
	at Object.executeCommand (/home/wonofakind02/.vscode-server/bin/fdb98833154679dbaa7af67a5a29fe19e55c2b73/out/vs/workbench/api/node/extensionHostProcess.js:123:21247)
	at ExtensionUtil.<anonymous> (/home/wonofakind02/.vscode-server/extensions/ms-vsliveshare.vsliveshare-1.0.5941/extension.js:1:665766)
	at Generator.next (<anonymous>)
	at /home/wonofakind02/.vscode-server/extensions/ms-vsliveshare.vsliveshare-1.0.5941/extension.js:1:664481
	at new Promise (<anonymous>)
	at r (/home/wonofakind02/.vscode-server/extensions/ms-vsliveshare.vsliveshare-1.0.5941/extension.js:1:664167)
	at ExtensionUtil.setCommandContext (/home/wonofakind02/.vscode-server/extensions/ms-vsliveshare.vsliveshare-1.0.5941/extension.js:1:665682)
	at EndCollaborationCommand.endCollaboration (/home/wonofakind02/.vscode-server/extensions/ms-vsliveshare.vsliveshare-1.0.5941/extension.js:1:1665490)
	at ExtensionUtil.<anonymous> (/home/wonofakind02/.vscode-server/extensions/ms-vsliveshare.vsliveshare-1.0.5941/extension.js:1:670850)
	at Generator.next (<anonymous>)
	at /home/wonofakind02/.vscode-server/extensions/ms-vsliveshare.vsliveshare-1.0.5941/extension.js:1:664481
	at new Promise (<anonymous>)
	at r (/home/wonofakind02/.vscode-server/extensions/ms-vsliveshare.vsliveshare-1.0.5941/extension.js:1:664167)
	at /home/wonofakind02/.vscode-server/extensions/ms-vsliveshare.vsliveshare-1.0.5941/extension.js:1:670758
	at new Promise (<anonymous>)
	at ExtensionUtil.<anonymous> (/home/wonofakind02/.vscode-server/extensions/ms-vsliveshare.vsliveshare-1.0.5941/extension.js:1:670738)
	at Generator.next (<anonymous>)
	at /home/wonofakind02/.vscode-server/extensions/ms-vsliveshare.vsliveshare-1.0.5941/extension.js:1:664481
	at new Promise (<anonymous>)
	at r (/home/wonofakind02/.vscode-server/extensions/ms-vsliveshare.vsliveshare-1.0.5941/extension.js:1:664167)
	at /home/wonofakind02/.vscode-server/extensions/ms-vsliveshare.vsliveshare-1.0.5941/extension.js:1:670697
	at w.d (/home/wonofakind02/.vscode-server/bin/fdb98833154679dbaa7af67a5a29fe19e55c2b73/out/vs/workbench/api/node/extensionHostProcess.js:106:45637)
	at w.withProgress (/home/wonofakind02/.vscode-server/bin/fdb98833154679dbaa7af67a5a29fe19e55c2b73/out/vs/workbench/api/node/extensionHostProcess.js:106:45500)
	at Object.withProgress (/home/wonofakind02/.vscode-server/bin/fdb98833154679dbaa7af67a5a29fe19e55c2b73/out/vs/workbench/api/node/extensionHostProcess.js:123:31568)
	at ExtensionUtil.<anonymous> (/home/wonofakind02/.vscode-server/extensions/ms-vsliveshare.vsliveshare-1.0.5941/extension.js:1:670678)
	at Generator.next (<anonymous>)
	at /home/wonofakind02/.vscode-server/extensions/ms-vsliveshare.vsliveshare-1.0.5941/extension.js:1:664481
	at new Promise (<anonymous>)
	at r (/home/wonofakind02/.vscode-server/extensions/ms-vsliveshare.vsliveshare-1.0.5941/extension.js:1:664167)
	at ExtensionUtil.runWithProgress (/home/wonofakind02/.vscode-server/extensions/ms-vsliveshare.vsliveshare-1.0.5941/extension.js:1:670485)
	at EndCollaborationCommand.invoke (/home/wonofakind02/.vscode-server/extensions/ms-vsliveshare.vsliveshare-1.0.5941/extension.js:1:1665289)
	at ShareCommand.onCancellationRequested (/home/wonofakind02/.vscode-server/extensions/ms-vsliveshare.vsliveshare-1.0.5941/extension.js:1:1664522) setContext undefined
2024-12-20 03:04:48.814 [info] Extension host with pid 1173 exiting with code 0
