2024-12-09 09:10:03.977 [info] 로그 수준: Info
2024-12-09 09:10:03.977 [info] "git"에서 찾은 git 유효성을 검사하는 중
2024-12-09 09:10:03.977 [info] "2.25.1"에서 git "git"을(를) 사용하는 중
2024-12-09 09:10:03.977 [info] > git rev-parse --show-toplevel [109ms]
2024-12-09 09:10:03.977 [info] fatal: not a git repository (or any of the parent directories): .git
2024-12-09 09:10:03.977 [info] > git rev-parse --show-toplevel [5ms]
2024-12-09 09:10:03.977 [info] fatal: not a git repository (or any of the parent directories): .git
2024-12-09 09:10:03.977 [info] > git rev-parse --show-toplevel [3ms]
2024-12-09 09:10:03.977 [info] fatal: not a git repository (or any of the parent directories): .git
2024-12-09 09:10:03.977 [info] > git rev-parse --show-toplevel [72ms]
2024-12-09 09:10:03.977 [info] fatal: not a git repository (or any of the parent directories): .git
2024-12-09 09:10:03.977 [info] > git rev-parse --show-toplevel [13ms]
2024-12-09 09:10:03.977 [info] fatal: not a git repository (or any of the parent directories): .git
2024-12-09 09:10:04.010 [info] > git rev-parse --show-toplevel [23ms]
2024-12-09 09:10:04.010 [info] fatal: not a git repository (or any of the parent directories): .git
2024-12-09 09:10:04.172 [info] > git rev-parse --show-toplevel [150ms]
2024-12-09 09:10:04.172 [info] fatal: not a git repository (or any of the parent directories): .git
2024-12-09 09:23:36.082 [info] > git rev-parse --show-toplevel [2ms]
2024-12-09 09:23:36.082 [info] fatal: not a git repository (or any of the parent directories): .git
2024-12-09 09:23:42.224 [info] > git rev-parse --show-toplevel [2ms]
2024-12-09 09:23:42.224 [info] fatal: not a git repository (or any of the parent directories): .git
2024-12-09 09:23:43.293 [info] > git rev-parse --show-toplevel [2ms]
2024-12-09 09:23:43.293 [info] fatal: not a git repository (or any of the parent directories): .git
2024-12-09 09:29:58.726 [info] > git rev-parse --show-toplevel [3ms]
2024-12-09 09:29:58.726 [info] fatal: not a git repository (or any of the parent directories): .git
