2024-12-20 07:35:07.601 [info] Extension host with pid 1158 started
2024-12-20 07:35:07.623 [error] Error: EEXIST: file already exists, open '/home/wonofakind02/.vscode-server/data/User/workspaceStorage/3b5423f5fe23cffdc4e2998f8266fb03/vscode.lock'
2024-12-20 07:35:07.651 [info] Lock '/home/wonofakind02/.vscode-server/data/User/workspaceStorage/3b5423f5fe23cffdc4e2998f8266fb03/vscode.lock': Could not acquire lock, checking if the file is stale.
2024-12-20 07:35:07.696 [info] Lock '/home/wonofakind02/.vscode-server/data/User/workspaceStorage/3b5423f5fe23cffdc4e2998f8266fb03/vscode.lock': The pid 1985 appears to be gone.
2024-12-20 07:35:07.696 [info] Lock '/home/wonofakind02/.vscode-server/data/User/workspaceStorage/3b5423f5fe23cffdc4e2998f8266fb03/vscode.lock': Deleting a stale lock.
2024-12-20 07:35:07.705 [info] Lock '/home/wonofakind02/.vscode-server/data/User/workspaceStorage/3b5423f5fe23cffdc4e2998f8266fb03/vscode.lock': Lock acquired.
2024-12-20 07:35:07.911 [info] ExtensionService#_doActivateExtension vscode.emmet, startup: false, activationEvent: 'onLanguage'
2024-12-20 07:35:07.913 [info] ExtensionService#_doActivateExtension vscode.tunnel-forwarding, startup: false, activationEvent: 'onTunnel'
2024-12-20 07:35:07.914 [info] ExtensionService#_doActivateExtension ms-python.debugpy, startup: false, activationEvent: 'onLanguage:python'
2024-12-20 07:35:07.914 [info] ExtensionService#_doActivateExtension ms-python.python, startup: false, activationEvent: 'onLanguage:python'
2024-12-20 07:35:08.924 [info] ExtensionService#_doActivateExtension vscode.git-base, startup: true, activationEvent: '*', root cause: vscode.git
2024-12-20 07:35:09.325 [info] ExtensionService#_doActivateExtension vscode.git, startup: true, activationEvent: '*'
2024-12-20 07:35:09.326 [info] ExtensionService#_doActivateExtension vscode.github, startup: true, activationEvent: '*'
2024-12-20 07:35:11.193 [info] ExtensionService#_doActivateExtension ms-python.vscode-pylance, startup: false, activationEvent: 'onLanguage:python'
2024-12-20 07:35:12.678 [info] Eager extensions activated
2024-12-20 07:35:12.678 [info] ExtensionService#_doActivateExtension vscode.debug-auto-launch, startup: false, activationEvent: 'onStartupFinished'
2024-12-20 07:35:12.679 [info] ExtensionService#_doActivateExtension vscode.merge-conflict, startup: false, activationEvent: 'onStartupFinished'
2024-12-20 07:35:12.711 [info] ExtensionService#_doActivateExtension ecmel.vscode-html-css, startup: false, activationEvent: 'onStartupFinished'
2024-12-20 08:18:44.802 [info] ExtensionService#_doActivateExtension vscode.html-language-features, startup: false, activationEvent: 'onLanguage:html'
2024-12-20 08:18:51.308 [error] [ecmel.vscode-html-css] provider FAILED
2024-12-20 08:18:51.308 [error] undefined
2024-12-20 08:18:51.320 [error] [ecmel.vscode-html-css] provider FAILED
2024-12-20 08:18:51.320 [error] undefined
