2024-12-20 13:29:40.474 [info] 로그 수준: Info
2024-12-20 13:29:40.474 [info] "git"에서 찾은 git 유효성을 검사하는 중
2024-12-20 13:29:40.474 [info] "2.25.1"에서 git "git"을(를) 사용하는 중
2024-12-20 13:29:40.474 [info] > git rev-parse --show-toplevel [72ms]
2024-12-20 13:29:40.474 [info] fatal: not a git repository (or any of the parent directories): .git
2024-12-20 13:29:40.474 [info] > git rev-parse --show-toplevel [5ms]
2024-12-20 13:29:40.474 [info] fatal: not a git repository (or any of the parent directories): .git
2024-12-20 13:29:40.474 [info] > git rev-parse --show-toplevel [12ms]
2024-12-20 13:29:40.474 [info] fatal: not a git repository (or any of the parent directories): .git
2024-12-20 13:29:40.474 [info] > git rev-parse --show-toplevel [11ms]
2024-12-20 13:29:40.474 [info] fatal: not a git repository (or any of the parent directories): .git
2024-12-20 13:29:40.474 [info] > git rev-parse --show-toplevel [3ms]
2024-12-20 13:29:40.474 [info] fatal: not a git repository (or any of the parent directories): .git
2024-12-20 13:29:40.474 [info] > git rev-parse --show-toplevel [2ms]
2024-12-20 13:29:40.474 [info] fatal: not a git repository (or any of the parent directories): .git
2024-12-20 13:29:40.474 [info] > git rev-parse --show-toplevel [3ms]
2024-12-20 13:29:40.474 [info] fatal: not a git repository (or any of the parent directories): .git
2024-12-20 13:32:14.677 [info] > git rev-parse --show-toplevel [5ms]
2024-12-20 13:32:14.677 [info] fatal: not a git repository (or any of the parent directories): .git
2024-12-20 13:32:14.691 [info] > git rev-parse --show-toplevel [2ms]
2024-12-20 13:32:14.691 [info] fatal: not a git repository (or any of the parent directories): .git
2024-12-20 13:32:16.900 [info] > git rev-parse --show-toplevel [2ms]
2024-12-20 13:32:16.900 [info] fatal: not a git repository (or any of the parent directories): .git
2024-12-20 13:32:16.913 [info] > git rev-parse --show-toplevel [5ms]
2024-12-20 13:32:16.913 [info] fatal: not a git repository (or any of the parent directories): .git
2024-12-20 13:32:16.929 [info] > git rev-parse --show-toplevel [6ms]
2024-12-20 13:32:16.929 [info] fatal: not a git repository (or any of the parent directories): .git
