2024-12-20 13:50:02.262 [info] Extension host with pid 1162 started
2024-12-20 13:50:02.294 [error] Error: EEXIST: file already exists, open '/home/wonofakind02/.vscode-server/data/User/workspaceStorage/3b5423f5fe23cffdc4e2998f8266fb03/vscode.lock'
2024-12-20 13:50:02.310 [info] Lock '/home/wonofakind02/.vscode-server/data/User/workspaceStorage/3b5423f5fe23cffdc4e2998f8266fb03/vscode.lock': Could not acquire lock, checking if the file is stale.
2024-12-20 13:50:02.318 [info] Lock '/home/wonofakind02/.vscode-server/data/User/workspaceStorage/3b5423f5fe23cffdc4e2998f8266fb03/vscode.lock': The pid 2125 appears to be gone.
2024-12-20 13:50:02.318 [info] Lock '/home/wonofakind02/.vscode-server/data/User/workspaceStorage/3b5423f5fe23cffdc4e2998f8266fb03/vscode.lock': Deleting a stale lock.
2024-12-20 13:50:02.334 [info] Lock '/home/wonofakind02/.vscode-server/data/User/workspaceStorage/3b5423f5fe23cffdc4e2998f8266fb03/vscode.lock': Lock acquired.
2024-12-20 13:50:02.587 [info] ExtensionService#_doActivateExtension vscode.emmet, startup: false, activationEvent: 'onLanguage'
2024-12-20 13:50:02.589 [info] ExtensionService#_doActivateExtension vscode.tunnel-forwarding, startup: false, activationEvent: 'onTunnel'
2024-12-20 13:50:02.590 [info] ExtensionService#_doActivateExtension vscode.html-language-features, startup: false, activationEvent: 'onLanguage:html'
2024-12-20 13:50:03.593 [info] ExtensionService#_doActivateExtension vscode.git-base, startup: true, activationEvent: '*', root cause: vscode.git
2024-12-20 13:50:03.990 [info] ExtensionService#_doActivateExtension vscode.git, startup: true, activationEvent: '*'
2024-12-20 13:50:03.990 [info] ExtensionService#_doActivateExtension vscode.github, startup: true, activationEvent: '*'
2024-12-20 13:50:04.949 [info] Eager extensions activated
2024-12-20 13:50:04.949 [info] ExtensionService#_doActivateExtension vscode.debug-auto-launch, startup: false, activationEvent: 'onStartupFinished'
2024-12-20 13:50:04.950 [info] ExtensionService#_doActivateExtension vscode.merge-conflict, startup: false, activationEvent: 'onStartupFinished'
2024-12-20 13:50:04.950 [info] ExtensionService#_doActivateExtension ecmel.vscode-html-css, startup: false, activationEvent: 'onStartupFinished'
2024-12-20 13:53:22.250 [info] ExtensionService#_doActivateExtension ms-python.debugpy, startup: false, activationEvent: 'onLanguage:python'
2024-12-20 13:53:22.251 [info] ExtensionService#_doActivateExtension ms-python.python, startup: false, activationEvent: 'onLanguage:python'
2024-12-20 13:53:23.929 [info] ExtensionService#_doActivateExtension ms-python.vscode-pylance, startup: false, activationEvent: 'onLanguage:python'
2024-12-20 14:00:14.763 [info] ExtensionService#_doActivateExtension ms-vsliveshare.vsliveshare, startup: false, activationEvent: 'onView:liveshare.session'
2024-12-20 14:00:59.048 [info] ExtensionService#_doActivateExtension vscode.npm, startup: false, activationEvent: 'onTerminalQuickFixRequest:ms-vscode.npm-command'
2024-12-20 14:01:07.572 [warning] Using default string since no string found in i18n bundle that has the key: Don't Show Again
